<?xml version="1.0" encoding="UTF-8"?>
<testsuite name="com.seohan1010.ch8_4.mock.MockTest" tests="1" skipped="0" failures="0" errors="0" timestamp="2025-11-21T08:19:08" hostname="seo-ubuntu-1" time="0.614">
  <properties/>
  <testcase name="chatBotTest()" classname="com.seohan1010.ch8_4.mock.MockTest" time="0.614"/>
  <system-out><![CDATA[2025-11-21 17:19:05.285  INFO   --- [    Test worker] .b.t.a.w.s.WebMvcTestContextBootstrapper : Neither @ContextConfiguration nor @ContextHierarchy found for test class [com.seohan1010.ch8_4.mock.MockTest], using SpringBootContextLoader
2025-11-21 17:19:05.309  INFO   --- [    Test worker] o.s.t.c.support.AbstractContextLoader    : Could not detect default resource locations for test class [com.seohan1010.ch8_4.mock.MockTest]: no resource found for suffixes {-context.xml, Context.groovy}.
2025-11-21 17:19:05.312  INFO   --- [    Test worker] t.c.s.AnnotationConfigContextLoaderUtils : Could not detect default configuration classes for test class [com.seohan1010.ch8_4.mock.MockTest]: MockTest does not declare any static, non-private, non-final, nested classes annotated with @Configuration.
2025-11-21 17:19:05.570  INFO   --- [    Test worker] .b.t.c.SpringBootTestContextBootstrapper : Found @SpringBootConfiguration com.seohan1010.ch8_4.Ch84Application for test class com.seohan1010.ch8_4.mock.MockTest
2025-11-21 17:19:05.579  INFO   --- [    Test worker] .b.t.a.w.s.WebMvcTestContextBootstrapper : Loaded default TestExecutionListener class names from location [META-INF/spring.factories]: [org.springframework.boot.test.autoconfigure.restdocs.RestDocsTestExecutionListener, org.springframework.boot.test.autoconfigure.web.client.MockRestServiceServerResetTestExecutionListener, org.springframework.boot.test.autoconfigure.web.servlet.MockMvcPrintOnlyOnFailureTestExecutionListener, org.springframework.boot.test.autoconfigure.web.servlet.WebDriverTestExecutionListener, org.springframework.boot.test.autoconfigure.webservices.client.MockWebServiceServerTestExecutionListener, org.springframework.boot.test.mock.mockito.MockitoTestExecutionListener, org.springframework.boot.test.mock.mockito.ResetMocksTestExecutionListener, org.springframework.test.context.web.ServletTestExecutionListener, org.springframework.test.context.support.DirtiesContextBeforeModesTestExecutionListener, org.springframework.test.context.event.ApplicationEventsTestExecutionListener, org.springframework.test.context.support.DependencyInjectionTestExecutionListener, org.springframework.test.context.support.DirtiesContextTestExecutionListener, org.springframework.test.context.transaction.TransactionalTestExecutionListener, org.springframework.test.context.jdbc.SqlScriptsTestExecutionListener, org.springframework.test.context.event.EventPublishingTestExecutionListener]
2025-11-21 17:19:05.615  INFO   --- [    Test worker] .b.t.a.w.s.WebMvcTestContextBootstrapper : Using TestExecutionListeners: [org.springframework.test.context.web.ServletTestExecutionListener@2d3768ce, org.springframework.test.context.support.DirtiesContextBeforeModesTestExecutionListener@2a9ea03f, org.springframework.test.context.event.ApplicationEventsTestExecutionListener@1231f25c, org.springframework.boot.test.mock.mockito.MockitoTestExecutionListener@2ba0b95f, org.springframework.boot.test.autoconfigure.SpringBootDependencyInjectionTestExecutionListener@3dc7c5fd, org.springframework.test.context.support.DirtiesContextTestExecutionListener@62871522, org.springframework.test.context.transaction.TransactionalTestExecutionListener@7fb9a83c, org.springframework.test.context.jdbc.SqlScriptsTestExecutionListener@517d9cd5, org.springframework.test.context.event.EventPublishingTestExecutionListener@5216532a, org.springframework.boot.test.autoconfigure.restdocs.RestDocsTestExecutionListener@862624f, org.springframework.boot.test.autoconfigure.web.client.MockRestServiceServerResetTestExecutionListener@3aa8c337, org.springframework.boot.test.autoconfigure.web.servlet.MockMvcPrintOnlyOnFailureTestExecutionListener@78e7b83, org.springframework.boot.test.autoconfigure.web.servlet.WebDriverTestExecutionListener@6761f75b, org.springframework.boot.test.autoconfigure.webservices.client.MockWebServiceServerTestExecutionListener@7c8a91e2, org.springframework.boot.test.mock.mockito.ResetMocksTestExecutionListener@c7443f]

  .   ____          _            __ _ _
 /\\ / ___'_ __ _ _(_)_ __  __ _ \ \ \ \
( ( )\___ | '_ | '_| | '_ \/ _` | \ \ \ \
 \\/  ___)| |_)| | | | | || (_| |  ) ) ) )
  '  |____| .__|_| |_|_| |_\__, | / / / /
 =========|_|==============|___/=/_/_/_/
?[32m :: Spring Boot :: ?[39m             ?[2m (v2.7.15)?[0;39m

?[2m2025-11-21 17:19:06.368?[0;39m ?[32m INFO?[0;39m ?[35m25877?[0;39m ?[2m---?[0;39m ?[2m[    Test worker]?[0;39m ?[36mcom.seohan1010.ch8_4.mock.MockTest      ?[0;39m ?[2m:?[0;39m Starting MockTest using Java 11.0.28 on seo-ubuntu-1 with PID 25877 (started by root in /home/ubuntu/Downloads/project/azure_project/3_tier_project/back/ch8_4)
?[2m2025-11-21 17:19:06.370?[0;39m ?[32m INFO?[0;39m ?[35m25877?[0;39m ?[2m---?[0;39m ?[2m[    Test worker]?[0;39m ?[36mcom.seohan1010.ch8_4.mock.MockTest      ?[0;39m ?[2m:?[0;39m No active profile set, falling back to 1 default profile: "default"
?[2m2025-11-21 17:19:08.117?[0;39m ?[32m INFO?[0;39m ?[35m25877?[0;39m ?[2m---?[0;39m ?[2m[    Test worker]?[0;39m ?[36mo.s.b.t.m.w.SpringBootMockServletContext?[0;39m ?[2m:?[0;39m Initializing Spring TestDispatcherServlet ''
?[2m2025-11-21 17:19:08.117?[0;39m ?[32m INFO?[0;39m ?[35m25877?[0;39m ?[2m---?[0;39m ?[2m[    Test worker]?[0;39m ?[36mo.s.t.web.servlet.TestDispatcherServlet ?[0;39m ?[2m:?[0;39m Initializing Servlet ''
?[2m2025-11-21 17:19:08.120?[0;39m ?[32m INFO?[0;39m ?[35m25877?[0;39m ?[2m---?[0;39m ?[2m[    Test worker]?[0;39m ?[36mo.s.t.web.servlet.TestDispatcherServlet ?[0;39m ?[2m:?[0;39m Completed initialization in 2 ms
?[2m2025-11-21 17:19:08.159?[0;39m ?[32m INFO?[0;39m ?[35m25877?[0;39m ?[2m---?[0;39m ?[2m[    Test worker]?[0;39m ?[36mcom.seohan1010.ch8_4.mock.MockTest      ?[0;39m ?[2m:?[0;39m Started MockTest in 2.459 seconds (JVM running for 4.872)
result = org.springframework.test.web.servlet.DefaultMvcResult@73129907
]]></system-out>
  <system-err><![CDATA[]]></system-err>
</testsuite>
